<?xml version="1.0" encoding="UTF-8"?>
<testsuite xmlns:xsi="http://www.w3.org/2001/XMLSchema-instance" xsi:noNamespaceSchemaLocation="https://maven.apache.org/surefire/maven-surefire-plugin/xsd/surefire-test-report-3.0.xsd" version="3.0" name="com.codemetrics.codemetrics_generator.CodemetricsGeneratorApplicationTests" time="29.073" tests="1" errors="0" skipped="0" failures="0">
  <properties>
[...]
</properties>
  <testcase name="contextLoads" classname="com.codemetrics.codemetrics_generator.CodemetricsGeneratorApplicationTests" time="7.47">
    <system-out><![CDATA[14:47:52.009 [main] INFO org.springframework.test.context.support.AnnotationConfigContextLoaderUtils -- Could not detect default configuration classes for test class [com.codemetrics.codemetrics_generator.CodemetricsGeneratorApplicationTests]: CodemetricsGeneratorApplicationTests does not declare any static, non-private, non-final, nested classes annotated with @Configuration.
14:47:52.720 [main] INFO org.springframework.boot.test.context.SpringBootTestContextBootstrapper -- Found @SpringBootConfiguration com.codemetrics.codemetrics_generator.CodemetricsGeneratorApplication for test class com.codemetrics.codemetrics_generator.CodemetricsGeneratorApplicationTests

  .   ____          _            __ _ _
 /\\ / ___'_ __ _ _(_)_ __  __ _ \ \ \ \
( ( )\___ | '_ | '_| | '_ \/ _` | \ \ \ \
 \\/  ___)| |_)| | | | | || (_| |  ) ) ) )
  '  |____| .__|_| |_|_| |_\__, | / / / /
 =========|_|==============|___/=/_/_/_/

 :: Spring Boot ::                (v3.3.1)

2024-06-29T14:47:55.685-05:00  WARN 14832 --- [codemetrics-generator] [           main] ory$DuplicateJsonObjectContextCustomizer : 

Found multiple occurrences of org.json.JSONObject on the class path:

	jar:file:/C:/Users/yenim/.m2/repository/com/vaadin/external/google/android-json/0.0.20131108.vaadin1/android-json-0.0.20131108.vaadin1.jar!/org/json/JSONObject.class
	jar:file:/C:/Users/yenim/.m2/repository/org/json/json/20240303/json-20240303.jar!/org/json/JSONObject.class

You may wish to exclude one of them to ensure predictable runtime behavior

2024-06-29T14:47:55.895-05:00  INFO 14832 --- [codemetrics-generator] [           main] c.c.CodemetricsGeneratorApplicationTests : Starting CodemetricsGeneratorApplicationTests using Java 20.0.1 with PID 14832 (started by yenim in C:\Users\yenim\OneDrive - Universidad Nacional de Colombia\UNAL\CodeMetrics\codemetrics-generator)
2024-06-29T14:47:55.901-05:00  INFO 14832 --- [codemetrics-generator] [           main] c.c.CodemetricsGeneratorApplicationTests : No active profile set, falling back to 1 default profile: "default"
2024-06-29T14:48:11.854-05:00  INFO 14832 --- [codemetrics-generator] [           main] c.c.CodemetricsGeneratorApplicationTests : Started CodemetricsGeneratorApplicationTests in 18.047 seconds (process running for 24.092)
]]></system-out>
  </testcase>
</testsuite>